# JRE version: Java(TM) SE Runtime Environment (11.0.1+13) (build 11.0.1+13-LTS)
# Java VM: Java HotSpot(TM) 64-Bit Server VM (11.0.1+13-LTS, mixed mode, tiered, compressed oops, g1 gc, windows-amd64)
Heap:
 garbage-first heap   total 315392K, used 87111K [0x0000000701c00000, 0x0000000800000000)
  region size 1024K, 78 young (79872K), 12 survivors (12288K)
 Metaspace       used 66331K, capacity 68021K, committed 68092K, reserved 1107968K
  class space    used 8408K, capacity 9084K, committed 9088K, reserved 1048576K
GC Heap History (10 events):
Event: 1.384 GC heap before
{Heap before GC invocations=1 (full 0):
 garbage-first heap   total 262144K, used 51816K [0x0000000701c00000, 0x0000000800000000)
  region size 1024K, 48 young (49152K), 3 survivors (3072K)
 Metaspace       used 20655K, capacity 21162K, committed 21296K, reserved 1069056K
  class space    used 2253K, capacity 2470K, committed 2560K, reserved 1048576K
}
Event: 1.391 GC heap after
{Heap after GC invocations=2 (full 0):
 garbage-first heap   total 262144K, used 8884K [0x0000000701c00000, 0x0000000800000000)
  region size 1024K, 6 young (6144K), 6 survivors (6144K)
 Metaspace       used 20655K, capacity 21162K, committed 21296K, reserved 1069056K
  class space    used 2253K, capacity 2470K, committed 2560K, reserved 1048576K
}
Event: 1.719 GC heap before
{Heap before GC invocations=3 (full 0):
 garbage-first heap   total 262144K, used 60084K [0x0000000701c00000, 0x0000000800000000)
  region size 1024K, 57 young (58368K), 6 survivors (6144K)
 Metaspace       used 24876K, capacity 25491K, committed 25600K, reserved 1071104K
  class space    used 2811K, capacity 3063K, committed 3072K, reserved 1048576K
}
Event: 1.725 GC heap after
{Heap after GC invocations=4 (full 0):
 garbage-first heap   total 262144K, used 9997K [0x0000000701c00000, 0x0000000800000000)
  region size 1024K, 4 young (4096K), 4 survivors (4096K)
 Metaspace       used 24876K, capacity 25491K, committed 25600K, reserved 1071104K
  class space    used 2811K, capacity 3063K, committed 3072K, reserved 1048576K
}
Event: 3.447 GC heap before
{Heap before GC invocations=4 (full 0):
 garbage-first heap   total 262144K, used 109325K [0x0000000701c00000, 0x0000000800000000)
  region size 1024K, 103 young (105472K), 4 survivors (4096K)
 Metaspace       used 34729K, capacity 35728K, committed 35920K, reserved 1081344K
  class space    used 4081K, capacity 4476K, committed 4480K, reserved 1048576K
}
Event: 3.458 GC heap after
{Heap after GC invocations=5 (full 0):
 garbage-first heap   total 262144K, used 14328K [0x0000000701c00000, 0x0000000800000000)
  region size 1024K, 8 young (8192K), 8 survivors (8192K)
 Metaspace       used 34729K, capacity 35728K, committed 35920K, reserved 1081344K
  class space    used 4081K, capacity 4476K, committed 4480K, reserved 1048576K
}
Event: 5.376 GC heap before
{Heap before GC invocations=6 (full 0):
 garbage-first heap   total 262144K, used 161784K [0x0000000701c00000, 0x0000000800000000)
  region size 1024K, 153 young (156672K), 8 survivors (8192K)
 Metaspace       used 55530K, capacity 56741K, committed 56912K, reserved 1099776K
  class space    used 6974K, capacity 7463K, committed 7552K, reserved 1048576K
}
Event: 5.389 GC heap after
{Heap after GC invocations=7 (full 0):
 garbage-first heap   total 262144K, used 18981K [0x0000000701c00000, 0x0000000800000000)
  region size 1024K, 13 young (13312K), 13 survivors (13312K)
 Metaspace       used 55530K, capacity 56741K, committed 56912K, reserved 1099776K
  class space    used 6974K, capacity 7463K, committed 7552K, reserved 1048576K
}
Event: 5.800 GC heap before
{Heap before GC invocations=7 (full 0):
 garbage-first heap   total 262144K, used 46629K [0x0000000701c00000, 0x0000000800000000)
  region size 1024K, 41 young (41984K), 13 survivors (13312K)
 Metaspace       used 58670K, capacity 59991K, committed 60080K, reserved 1101824K
  class space    used 7376K, capacity 7909K, committed 7936K, reserved 1048576K
}
Event: 5.816 GC heap after
{Heap after GC invocations=8 (full 0):
 garbage-first heap   total 315392K, used 20551K [0x0000000701c00000, 0x0000000800000000)
  region size 1024K, 12 young (12288K), 12 survivors (12288K)
 Metaspace       used 58670K, capacity 59991K, committed 60080K, reserved 1101824K
  class space    used 7376K, capacity 7909K, committed 7936K, reserved 1048576K
}

