# JRE version: Java(TM) SE Runtime Environment (11.0.1+13) (build 11.0.1+13-LTS)
# Java VM: Java HotSpot(TM) 64-Bit Server VM (11.0.1+13-LTS, mixed mode, tiered, compressed oops, g1 gc, windows-amd64)
Heap:
 garbage-first heap   total 315392K, used 72801K [0x0000000701c00000, 0x0000000800000000)
  region size 1024K, 66 young (67584K), 15 survivors (15360K)
 Metaspace       used 64481K, capacity 66173K, committed 66304K, reserved 1105920K
  class space    used 8185K, capacity 8853K, committed 8960K, reserved 1048576K
GC Heap History (10 events):
Event: 1.422 GC heap before
{Heap before GC invocations=1 (full 0):
 garbage-first heap   total 262144K, used 51930K [0x0000000701c00000, 0x0000000800000000)
  region size 1024K, 48 young (49152K), 3 survivors (3072K)
 Metaspace       used 20623K, capacity 21184K, committed 21504K, reserved 1069056K
  class space    used 2245K, capacity 2437K, committed 2560K, reserved 1048576K
}
Event: 1.429 GC heap after
{Heap after GC invocations=2 (full 0):
 garbage-first heap   total 262144K, used 9213K [0x0000000701c00000, 0x0000000800000000)
  region size 1024K, 6 young (6144K), 6 survivors (6144K)
 Metaspace       used 20623K, capacity 21184K, committed 21504K, reserved 1069056K
  class space    used 2245K, capacity 2437K, committed 2560K, reserved 1048576K
}
Event: 1.774 GC heap before
{Heap before GC invocations=3 (full 0):
 garbage-first heap   total 262144K, used 55293K [0x0000000701c00000, 0x0000000800000000)
  region size 1024K, 52 young (53248K), 6 survivors (6144K)
 Metaspace       used 24891K, capacity 25487K, committed 25600K, reserved 1071104K
  class space    used 2810K, capacity 3063K, committed 3072K, reserved 1048576K
}
Event: 1.780 GC heap after
{Heap after GC invocations=4 (full 0):
 garbage-first heap   total 262144K, used 10257K [0x0000000701c00000, 0x0000000800000000)
  region size 1024K, 4 young (4096K), 4 survivors (4096K)
 Metaspace       used 24891K, capacity 25487K, committed 25600K, reserved 1071104K
  class space    used 2810K, capacity 3063K, committed 3072K, reserved 1048576K
}
Event: 3.501 GC heap before
{Heap before GC invocations=4 (full 0):
 garbage-first heap   total 262144K, used 114705K [0x0000000701c00000, 0x0000000800000000)
  region size 1024K, 108 young (110592K), 4 survivors (4096K)
 Metaspace       used 34729K, capacity 35719K, committed 35840K, reserved 1081344K
  class space    used 4076K, capacity 4476K, committed 4480K, reserved 1048576K
}
Event: 3.513 GC heap after
{Heap after GC invocations=5 (full 0):
 garbage-first heap   total 262144K, used 14460K [0x0000000701c00000, 0x0000000800000000)
  region size 1024K, 8 young (8192K), 8 survivors (8192K)
 Metaspace       used 34729K, capacity 35719K, committed 35840K, reserved 1081344K
  class space    used 4076K, capacity 4476K, committed 4480K, reserved 1048576K
}
Event: 5.421 GC heap before
{Heap before GC invocations=6 (full 0):
 garbage-first heap   total 262144K, used 161916K [0x0000000701c00000, 0x0000000800000000)
  region size 1024K, 153 young (156672K), 8 survivors (8192K)
 Metaspace       used 55215K, capacity 56414K, committed 56576K, reserved 1097728K
  class space    used 6926K, capacity 7398K, committed 7424K, reserved 1048576K
}
Event: 5.434 GC heap after
{Heap after GC invocations=7 (full 0):
 garbage-first heap   total 315392K, used 19215K [0x0000000701c00000, 0x0000000800000000)
  region size 1024K, 13 young (13312K), 13 survivors (13312K)
 Metaspace       used 55215K, capacity 56414K, committed 56576K, reserved 1097728K
  class space    used 6926K, capacity 7398K, committed 7424K, reserved 1048576K
}
Event: 5.897 GC heap before
{Heap before GC invocations=7 (full 0):
 garbage-first heap   total 315392K, used 49935K [0x0000000701c00000, 0x0000000800000000)
  region size 1024K, 44 young (45056K), 13 survivors (13312K)
 Metaspace       used 58833K, capacity 60159K, committed 60288K, reserved 1101824K
  class space    used 7398K, capacity 7944K, committed 8064K, reserved 1048576K
}
Event: 5.920 GC heap after
{Heap after GC invocations=8 (full 0):
 garbage-first heap   total 315392K, used 21601K [0x0000000701c00000, 0x0000000800000000)
  region size 1024K, 15 young (15360K), 15 survivors (15360K)
 Metaspace       used 58833K, capacity 60159K, committed 60288K, reserved 1101824K
  class space    used 7398K, capacity 7944K, committed 8064K, reserved 1048576K
}

